Fontconfig error: "/etc/fonts/conf.d/10-scale-bitmap-fonts.conf", line 72: non-double matrix element
Fontconfig error: "/etc/fonts/conf.d/10-scale-bitmap-fonts.conf", line 72: non-double matrix element
Fontconfig warning: "/etc/fonts/conf.d/10-scale-bitmap-fonts.conf", line 80: saw unknown, expected number
QObject::connect: Parentheses expected, signal MainWindow::
QObject::connect: Parentheses expected, signal MainWindow::
QObject::connect: Parentheses expected, signal MainWindow::
QObject::connect: Parentheses expected, signal MainWindow::
file:///tmp/.mount_q52voh/usr/bin/plugins/plugins/OctoPrintPlugin/MonitorItem.qml:5:5: QML Image: Invalid image provider: image://camera/2
file:///tmp/.mount_q52voh/usr/bin/resources/themes/cura-light/styles.qml:197:17: QML Item: Binding loop detected for property "width"
qml: TableViewSelection: index out of range
qml: TableViewSelection: index out of range
file:///tmp/.mount_q52voh/usr/bin/qt/qml/QtQuick/Controls/TextField.qml:638:5: QML TextInputWithHandles: Binding loop detected for property "text"
file:///tmp/.mount_q52voh/usr/bin/plugins/plugins/Tools/RotateTool/RotateTool.qml:59:18: Unable to assign [undefined] to bool
file:///tmp/.mount_q52voh/usr/bin/plugins/plugins/Tools/RotateTool/RotateTool.qml:59:18: Unable to assign [undefined] to bool
QOpenGLFramebufferObject::toImage() called without a current context
qml: TableViewSelection: index out of range
qml: TableViewSelection: index out of range
file:///tmp/.mount_q52voh/usr/bin/resources/qml/Preferences/MaterialsPage.qml:64:24: Unable to assign [undefined] to QColor
file:///tmp/.mount_q52voh/usr/bin/resources/qml/Preferences/MaterialsPage.qml:64:24: Unable to assign [undefined] to QColor
file:///tmp/.mount_q52voh/usr/bin/resources/qml/Preferences/MaterialsPage.qml:64:24: Unable to assign [undefined] to QColor
file:///tmp/.mount_q52voh/usr/bin/resources/qml/Preferences/MachinesPage.qml:118: TypeError: Cannot read property 'onCompleted' of null
QOpenGLFramebufferObject::toImage() called without a current context
file:///tmp/.mount_q52voh/usr/bin/resources/qml/DiscardOrKeepProfileChangesDialog.qml:81: TypeError: Cannot read property of null
file:///tmp/.mount_q52voh/usr/bin/resources/qml/Preferences/MaterialsPage.qml:64:24: Unable to assign [undefined] to QColor
file:///tmp/.mount_q52voh/usr/bin/resources/qml/Preferences/MaterialsPage.qml:64:24: Unable to assign [undefined] to QColor
file:///tmp/.mount_q52voh/usr/bin/resources/qml/Preferences/MaterialsPage.qml:64:24: Unable to assign [undefined] to QColor
QOpenGLFramebufferObject::toImage() called without a current context
file:///tmp/.mount_q52voh/usr/bin/plugins/plugins/OctoPrintPlugin/MonitorItem.qml:48: TypeError: Cannot read property of null
file:///tmp/.mount_q52voh/usr/bin/plugins/plugins/OctoPrintPlugin/MonitorItem.qml:5:5: QML Image: Failed to get image from provider: image://camera/4
file:///tmp/.mount_q52voh/usr/bin/plugins/plugins/OctoPrintPlugin/MonitorItem.qml:5:5: QML Image: Failed to get image from provider: image://camera/6
QTextCursor::setPosition: Position '327' out of range
file:///tmp/.mount_q52voh/usr/bin/qt/qml/QtQuick/Controls/TextField.qml:638:5: QML TextInputWithHandles: Binding loop detected for property "text"
file:///tmp/.mount_q52voh/usr/bin/plugins/plugins/OctoPrintPlugin/MonitorItem.qml:5:5: QML Image: Failed to get image from provider: image://camera/8
file:///tmp/.mount_q52voh/usr/bin/qt/qml/QtQuick/Controls/TextField.qml:638:5: QML TextInputWithHandles: Binding loop detected for property "text"
file:///tmp/.mount_q52voh/usr/bin/plugins/plugins/OctoPrintPlugin/MonitorItem.qml:48: TypeError: Cannot read property of null
file:///tmp/.mount_q52voh/usr/bin/plugins/plugins/OctoPrintPlugin/MonitorItem.qml:5:5: QML Image: Failed to get image from provider: image://camera/10
file:///tmp/.mount_q52voh/usr/bin/plugins/plugins/OctoPrintPlugin/MonitorItem.qml:5:5: QML Image: Failed to get image from provider: image://camera/12
QTextCursor::setPosition: Position '-1' out of range
QTextCursor::setPosition: Position '-1' out of range
file:///tmp/.mount_q52voh/usr/bin/qt/qml/QtQuick/Controls/TextField.qml:638:5: QML TextInputWithHandles: Binding loop detected for property "text"
file:///tmp/.mount_q52voh/usr/bin/plugins/plugins/OctoPrintPlugin/MonitorItem.qml:5:5: QML Image: Failed to get image from provider: image://camera/14
file:///tmp/.mount_q52voh/usr/bin/qt/qml/QtQuick/Controls/TextField.qml:638:5: QML TextInputWithHandles: Binding loop detected for property "text"
file:///tmp/.mount_q52voh/usr/bin/resources/qml/Settings/SettingCheckBox.qml: Object destroyed during incubation
file:///tmp/.mount_q52voh/usr/bin/resources/qml/Settings/SettingTextField.qml: Object destroyed during incubation
file:///tmp/.mount_q52voh/usr/bin/resources/qml/Settings/SettingCheckBox.qml: Object destroyed during incubation
file:///tmp/.mount_q52voh/usr/bin/resources/qml/Settings/SettingTextField.qml: Object destroyed during incubation
file:///tmp/.mount_q52voh/usr/bin/resources/qml/Settings/SettingTextField.qml: Object destroyed during incubation
file:///tmp/.mount_q52voh/usr/bin/resources/qml/Settings/SettingCheckBox.qml: Object destroyed during incubation
file:///tmp/.mount_q52voh/usr/bin/resources/qml/Settings/SettingTextField.qml: Object destroyed during incubation
file:///tmp/.mount_q52voh/usr/bin/resources/qml/Settings/SettingTextField.qml: Object destroyed during incubation
file:///tmp/.mount_q52voh/usr/bin/resources/qml/Settings/SettingTextField.qml: Object destroyed during incubation
file:///tmp/.mount_q52voh/usr/bin/resources/qml/Settings/SettingTextField.qml: Object destroyed during incubation
file:///tmp/.mount_q52voh/usr/bin/resources/qml/Settings/SettingTextField.qml: Object destroyed during incubation
file:///tmp/.mount_q52voh/usr/bin/resources/qml/Settings/SettingTextField.qml: Object destroyed during incubation
file:///tmp/.mount_q52voh/usr/bin/resources/qml/Settings/SettingTextField.qml: Object destroyed during incubation
file:///tmp/.mount_q52voh/usr/bin/resources/qml/Settings/SettingTextField.qml: Object destroyed during incubation
file:///tmp/.mount_q52voh/usr/bin/resources/qml/Settings/SettingTextField.qml: Object destroyed during incubation
file:///tmp/.mount_q52voh/usr/bin/resources/qml/Settings/SettingTextField.qml: Object destroyed during incubation
file:///tmp/.mount_q52voh/usr/bin/resources/qml/Settings/SettingTextField.qml: Object destroyed during incubation
file:///tmp/.mount_q52voh/usr/bin/resources/qml/Settings/SettingTextField.qml: Object destroyed during incubation
file:///tmp/.mount_q52voh/usr/bin/resources/qml/Settings/SettingTextField.qml: Object destroyed during incubation
file:///tmp/.mount_q52voh/usr/bin/resources/qml/Settings/SettingTextField.qml: Object destroyed during incubation
file:///tmp/.mount_q52voh/usr/bin/resources/qml/Settings/SettingTextField.qml: Object destroyed during incubation
file:///tmp/.mount_q52voh/usr/bin/resources/qml/Settings/SettingTextField.qml: Object destroyed during incubation
file:///tmp/.mount_q52voh/usr/bin/resources/qml/Settings/SettingTextField.qml: Object destroyed during incubation
file:///tmp/.mount_q52voh/usr/bin/resources/qml/Settings/SettingCategory.qml: Object destroyed during incubation
file:///tmp/.mount_q52voh/usr/bin/resources/qml/Settings/SettingTextField.qml: Object destroyed during incubation
file:///tmp/.mount_q52voh/usr/bin/resources/qml/Settings/SettingTextField.qml: Object destroyed during incubation
file:///tmp/.mount_q52voh/usr/bin/resources/qml/Settings/SettingCategory.qml: Object destroyed during incubation
file:///tmp/.mount_q52voh/usr/bin/resources/qml/Settings/SettingTextField.qml: Object destroyed during incubation
file:///tmp/.mount_q52voh/usr/bin/resources/qml/Settings/SettingCategory.qml: Object destroyed during incubation
file:///tmp/.mount_q52voh/usr/bin/resources/qml/Settings/SettingCheckBox.qml: Object destroyed during incubation
file:///tmp/.mount_q52voh/usr/bin/resources/qml/Settings/SettingCheckBox.qml: Object destroyed during incubation
file:///tmp/.mount_q52voh/usr/bin/resources/qml/Settings/SettingTextField.qml: Object destroyed during incubation
file:///tmp/.mount_q52voh/usr/bin/resources/qml/Settings/SettingTextField.qml: Object destroyed during incubation
file:///tmp/.mount_q52voh/usr/bin/resources/qml/Settings/SettingTextField.qml: Object destroyed during incubation
file:///tmp/.mount_q52voh/usr/bin/resources/qml/Settings/SettingTextField.qml: Object destroyed during incubation
file:///tmp/.mount_q52voh/usr/bin/resources/qml/Settings/SettingTextField.qml: Object destroyed during incubation
file:///tmp/.mount_q52voh/usr/bin/resources/qml/Settings/SettingCheckBox.qml: Object destroyed during incubation
file:///tmp/.mount_q52voh/usr/bin/resources/qml/Settings/SettingTextField.qml: Object destroyed during incubation
file:///tmp/.mount_q52voh/usr/bin/resources/qml/Settings/SettingCheckBox.qml: Object destroyed during incubation
file:///tmp/.mount_q52voh/usr/bin/resources/qml/Settings/SettingCheckBox.qml: Object destroyed during incubation
file:///tmp/.mount_q52voh/usr/bin/resources/qml/Settings/SettingTextField.qml: Object destroyed during incubation
file:///tmp/.mount_q52voh/usr/bin/resources/qml/Settings/SettingTextField.qml: Object destroyed during incubation
file:///tmp/.mount_q52voh/usr/bin/resources/qml/Settings/SettingCheckBox.qml: Object destroyed during incubation
file:///tmp/.mount_q52voh/usr/bin/resources/qml/Settings/SettingTextField.qml: Object destroyed during incubation
file:///tmp/.mount_q52voh/usr/bin/resources/qml/Settings/SettingCheckBox.qml: Object destroyed during incubation
file:///tmp/.mount_q52voh/usr/bin/resources/qml/Settings/SettingTextField.qml: Object destroyed during incubation
file:///tmp/.mount_q52voh/usr/bin/resources/qml/Settings/SettingTextField.qml: Object destroyed during incubation
file:///tmp/.mount_q52voh/usr/bin/resources/qml/Settings/SettingTextField.qml: Object destroyed during incubation
file:///tmp/.mount_q52voh/usr/bin/resources/qml/Settings/SettingTextField.qml: Object destroyed during incubation
file:///tmp/.mount_q52voh/usr/bin/resources/qml/Settings/SettingTextField.qml: Object destroyed during incubation
file:///tmp/.mount_q52voh/usr/bin/resources/qml/Settings/SettingTextField.qml: Object destroyed during incubation
file:///tmp/.mount_q52voh/usr/bin/resources/qml/Settings/SettingTextField.qml: Object destroyed during incubation
file:///tmp/.mount_q52voh/usr/bin/resources/qml/Settings/SettingTextField.qml: Object destroyed during incubation
file:///tmp/.mount_q52voh/usr/bin/resources/qml/Settings/SettingTextField.qml: Object destroyed during incubation
file:///tmp/.mount_q52voh/usr/bin/resources/qml/Settings/SettingTextField.qml: Object destroyed during incubation
file:///tmp/.mount_q52voh/usr/bin/resources/qml/Settings/SettingTextField.qml: Object destroyed during incubation
file:///tmp/.mount_q52voh/usr/bin/resources/qml/Settings/SettingTextField.qml: Object destroyed during incubation
file:///tmp/.mount_q52voh/usr/bin/resources/qml/Settings/SettingTextField.qml: Object destroyed during incubation
file:///tmp/.mount_q52voh/usr/bin/resources/qml/Settings/SettingTextField.qml: Object destroyed during incubation
file:///tmp/.mount_q52voh/usr/bin/resources/qml/Settings/SettingTextField.qml: Object destroyed during incubation
file:///tmp/.mount_q52voh/usr/bin/resources/qml/Settings/SettingTextField.qml: Object destroyed during incubation
file:///tmp/.mount_q52voh/usr/bin/resources/qml/Settings/SettingCheckBox.qml: Object destroyed during incubation
file:///tmp/.mount_q52voh/usr/bin/resources/qml/Settings/SettingTextField.qml: Object destroyed during incubation
file:///tmp/.mount_q52voh/usr/bin/resources/qml/Settings/SettingTextField.qml: Object destroyed during incubation
file:///tmp/.mount_q52voh/usr/bin/resources/qml/Settings/SettingTextField.qml: Object destroyed during incubation
file:///tmp/.mount_q52voh/usr/bin/resources/qml/Settings/SettingTextField.qml: Object destroyed during incubation
file:///tmp/.mount_q52voh/usr/bin/resources/qml/Settings/SettingTextField.qml: Object destroyed during incubation
file:///tmp/.mount_q52voh/usr/bin/resources/qml/Settings/SettingTextField.qml: Object destroyed during incubation
file:///tmp/.mount_q52voh/usr/bin/resources/qml/Settings/SettingTextField.qml: Object destroyed during incubation
file:///tmp/.mount_q52voh/usr/bin/resources/qml/Settings/SettingTextField.qml: Object destroyed during incubation
file:///tmp/.mount_q52voh/usr/bin/resources/qml/Settings/SettingTextField.qml: Object destroyed during incubation
file:///tmp/.mount_q52voh/usr/bin/resources/qml/Settings/SettingTextField.qml: Object destroyed during incubation
file:///tmp/.mount_q52voh/usr/bin/resources/qml/Settings/SettingTextField.qml: Object destroyed during incubation
file:///tmp/.mount_q52voh/usr/bin/resources/qml/Settings/SettingTextField.qml: Object destroyed during incubation
file:///tmp/.mount_q52voh/usr/bin/resources/qml/Settings/SettingTextField.qml: Object destroyed during incubation
file:///tmp/.mount_q52voh/usr/bin/resources/qml/Settings/SettingTextField.qml: Object destroyed during incubation
file:///tmp/.mount_q52voh/usr/bin/resources/qml/Settings/SettingTextField.qml: Object destroyed during incubation
file:///tmp/.mount_q52voh/usr/bin/resources/qml/Settings/SettingTextField.qml: Object destroyed during incubation
file:///tmp/.mount_q52voh/usr/bin/resources/qml/Settings/SettingTextField.qml: Object destroyed during incubation
file:///tmp/.mount_q52voh/usr/bin/resources/qml/Settings/SettingCheckBox.qml: Object destroyed during incubation
file:///tmp/.mount_q52voh/usr/bin/resources/qml/Settings/SettingTextField.qml: Object destroyed during incubation
file:///tmp/.mount_q52voh/usr/bin/resources/qml/Settings/SettingCheckBox.qml: Object destroyed during incubation
file:///tmp/.mount_q52voh/usr/bin/resources/qml/Settings/SettingTextField.qml: Object destroyed during incubation
file:///tmp/.mount_q52voh/usr/bin/resources/qml/Settings/SettingTextField.qml: Object destroyed during incubation
file:///tmp/.mount_q52voh/usr/bin/resources/qml/Settings/SettingTextField.qml: Object destroyed during incubation
file:///tmp/.mount_q52voh/usr/bin/resources/qml/Settings/SettingTextField.qml: Object destroyed during incubation
file:///tmp/.mount_q52voh/usr/bin/resources/qml/Settings/SettingTextField.qml: Object destroyed during incubation
file:///tmp/.mount_q52voh/usr/bin/resources/qml/Settings/SettingTextField.qml: Object destroyed during incubation
file:///tmp/.mount_q52voh/usr/bin/resources/qml/Settings/SettingTextField.qml: Object destroyed during incubation
file:///tmp/.mount_q52voh/usr/bin/resources/qml/Settings/SettingTextField.qml: Object destroyed during incubation
file:///tmp/.mount_q52voh/usr/bin/resources/qml/Settings/SettingTextField.qml: Object destroyed during incubation
file:///tmp/.mount_q52voh/usr/bin/resources/qml/Settings/SettingTextField.qml: Object destroyed during incubation
file:///tmp/.mount_q52voh/usr/bin/resources/qml/Settings/SettingTextField.qml: Object destroyed during incubation
file:///tmp/.mount_q52voh/usr/bin/resources/qml/Settings/SettingTextField.qml: Object destroyed during incubation
file:///tmp/.mount_q52voh/usr/bin/resources/qml/Settings/SettingTextField.qml: Object destroyed during incubation
file:///tmp/.mount_q52voh/usr/bin/resources/qml/Settings/SettingTextField.qml: Object destroyed during incubation
file:///tmp/.mount_q52voh/usr/bin/resources/qml/Settings/SettingTextField.qml: Object destroyed during incubation
file:///tmp/.mount_q52voh/usr/bin/resources/qml/Settings/SettingTextField.qml: Object destroyed during incubation
file:///tmp/.mount_q52voh/usr/bin/resources/qml/Settings/SettingTextField.qml: Object destroyed during incubation
QOpenGLFramebufferObject::toImage() called without a current context
QIODevice::read (QNetworkReplyHttpImpl): device not open
file:///tmp/.mount_q52voh/usr/bin/plugins/plugins/OctoPrintPlugin/MonitorItem.qml:5:5: QML Image: Failed to get image from provider: image://camera/16
file:///tmp/.mount_q52voh/usr/bin/plugins/plugins/OctoPrintPlugin/MonitorItem.qml:5:5: QML Image: Failed to get image from provider: image://camera/18
file:///tmp/.mount_q52voh/usr/bin/plugins/plugins/OctoPrintPlugin/MonitorItem.qml:5:5: QML Image: Failed to get image from provider: image://camera/2
QIODevice::read (QNetworkReplyHttpImpl): device not open
file:///tmp/.mount_q52voh/usr/bin/plugins/plugins/OctoPrintPlugin/MonitorItem.qml:5:5: QML Image: Failed to get image from provider: image://camera/4
file:///tmp/.mount_q52voh/usr/bin/plugins/plugins/OctoPrintPlugin/MonitorItem.qml:5:5: QML Image: Failed to get image from provider: image://camera/6
file:///tmp/.mount_q52voh/usr/bin/plugins/plugins/OctoPrintPlugin/MonitorItem.qml:5:5: QML Image: Failed to get image from provider: image://camera/2
QIODevice::read (QNetworkReplyHttpImpl): device not open
file:///tmp/.mount_q52voh/usr/bin/plugins/plugins/OctoPrintPlugin/MonitorItem.qml:5:5: QML Image: Failed to get image from provider: image://camera/4
file:///tmp/.mount_q52voh/usr/bin/plugins/plugins/OctoPrintPlugin/MonitorItem.qml:5:5: QML Image: Failed to get image from provider: image://camera/6
file:///tmp/.mount_q52voh/usr/bin/plugins/plugins/OctoPrintPlugin/MonitorItem.qml:5:5: QML Image: Failed to get image from provider: image://camera/2
QIODevice::read (QNetworkReplyHttpImpl): device not open
file:///tmp/.mount_q52voh/usr/bin/plugins/plugins/OctoPrintPlugin/MonitorItem.qml:5:5: QML Image: Failed to get image from provider: image://camera/4
file:///tmp/.mount_q52voh/usr/bin/plugins/plugins/OctoPrintPlugin/MonitorItem.qml:5:5: QML Image: Failed to get image from provider: image://camera/6
file:///tmp/.mount_q52voh/usr/bin/plugins/plugins/OctoPrintPlugin/MonitorItem.qml:5:5: QML Image: Failed to get image from provider: image://camera/2
QIODevice::read (QNetworkReplyHttpImpl): device not open
file:///tmp/.mount_q52voh/usr/bin/plugins/plugins/OctoPrintPlugin/MonitorItem.qml:5:5: QML Image: Failed to get image from provider: image://camera/4
file:///tmp/.mount_q52voh/usr/bin/plugins/plugins/OctoPrintPlugin/MonitorItem.qml:5:5: QML Image: Failed to get image from provider: image://camera/6
file:///tmp/.mount_q52voh/usr/bin/plugins/plugins/OctoPrintPlugin/MonitorItem.qml:5:5: QML Image: Failed to get image from provider: image://camera/2
QIODevice::read (QNetworkReplyHttpImpl): device not open
file:///tmp/.mount_q52voh/usr/bin/plugins/plugins/OctoPrintPlugin/MonitorItem.qml:5:5: QML Image: Failed to get image from provider: image://camera/4
file:///tmp/.mount_q52voh/usr/bin/plugins/plugins/OctoPrintPlugin/MonitorItem.qml:5:5: QML Image: Failed to get image from provider: image://camera/6
file:///tmp/.mount_q52voh/usr/bin/plugins/plugins/OctoPrintPlugin/MonitorItem.qml:5:5: QML Image: Failed to get image from provider: image://camera/2
file:///tmp/.mount_q52voh/usr/bin/qt/qml/QtQuick/Controls/TextField.qml:638:5: QML TextInputWithHandles: Binding loop detected for property "text"
file:///tmp/.mount_q52voh/usr/bin/qt/qml/QtQuick/Controls/TextField.qml:638:5: QML TextInputWithHandles: Binding loop detected for property "text"
QIODevice::read (QNetworkReplyHttpImpl): device not open
file:///tmp/.mount_q52voh/usr/bin/plugins/plugins/OctoPrintPlugin/MonitorItem.qml:5:5: QML Image: Failed to get image from provider: image://camera/4
file:///tmp/.mount_q52voh/usr/bin/plugins/plugins/OctoPrintPlugin/MonitorItem.qml:5:5: QML Image: Failed to get image from provider: image://camera/6
file:///tmp/.mount_q52voh/usr/bin/plugins/plugins/OctoPrintPlugin/MonitorItem.qml:5:5: QML Image: Failed to get image from provider: image://camera/2
file:///tmp/.mount_q52voh/usr/bin/qt/qml/QtQuick/Controls/TextField.qml:638:5: QML TextInputWithHandles: Binding loop detected for property "text"
Fontconfig error: "/etc/fonts/conf.d/10-scale-bitmap-fonts.conf", line 72: non-double matrix element
Fontconfig error: "/etc/fonts/conf.d/10-scale-bitmap-fonts.conf", line 72: non-double matrix element
Fontconfig warning: "/etc/fonts/conf.d/10-scale-bitmap-fonts.conf", line 80: saw unknown, expected number
QObject::connect: Parentheses expected, signal MainWindow::
QObject::connect: Parentheses expected, signal MainWindow::
QObject::connect: Parentheses expected, signal MainWindow::
QObject::connect: Parentheses expected, signal MainWindow::
file:///tmp/.mount_jRIC5d/usr/bin/plugins/plugins/OctoPrintPlugin/MonitorItem.qml:5:5: QML Image: Invalid image provider: image://camera/2
file:///tmp/.mount_jRIC5d/usr/bin/resources/themes/cura-light/styles.qml:197:17: QML Item: Binding loop detected for property "width"
qml: TableViewSelection: index out of range
qml: TableViewSelection: index out of range
file:///tmp/.mount_jRIC5d/usr/bin/qt/qml/QtQuick/Controls/TextField.qml:638:5: QML TextInputWithHandles: Binding loop detected for property "text"
file:///tmp/.mount_jRIC5d/usr/bin/plugins/plugins/OctoPrintPlugin/MonitorItem.qml:48: TypeError: Cannot read property of null
QIODevice::read (QNetworkReplyHttpImpl): device not open
file:///tmp/.mount_jRIC5d/usr/bin/plugins/plugins/OctoPrintPlugin/MonitorItem.qml:5:5: QML Image: Failed to get image from provider: image://camera/4
file:///tmp/.mount_jRIC5d/usr/bin/plugins/plugins/OctoPrintPlugin/MonitorItem.qml:5:5: QML Image: Failed to get image from provider: image://camera/6
file:///tmp/.mount_jRIC5d/usr/bin/plugins/plugins/OctoPrintPlugin/MonitorItem.qml:5:5: QML Image: Failed to get image from provider: image://camera/2
file:///tmp/.mount_jRIC5d/usr/bin/qt/qml/QtQuick/Controls/TextField.qml:638:5: QML TextInputWithHandles: Binding loop detected for property "text"
file:///tmp/.mount_jRIC5d/usr/bin/qt/qml/QtQuick/Controls/TextField.qml:638:5: QML TextInputWithHandles: Binding loop detected for property "text"
file:///tmp/.mount_jRIC5d/usr/bin/qt/qml/QtQuick/Controls/TextField.qml:638:5: QML TextInputWithHandles: Binding loop detected for property "text"
QIODevice::read (QNetworkReplyHttpImpl): device not open
file:///tmp/.mount_jRIC5d/usr/bin/plugins/plugins/OctoPrintPlugin/MonitorItem.qml:5:5: QML Image: Failed to get image from provider: image://camera/40
file:///tmp/.mount_jRIC5d/usr/bin/plugins/plugins/OctoPrintPlugin/MonitorItem.qml:48: TypeError: Cannot read property of null
QIODevice::read (QNetworkReplyHttpImpl): device not open
file:///tmp/.mount_jRIC5d/usr/bin/plugins/plugins/OctoPrintPlugin/MonitorItem.qml:5:5: QML Image: Failed to get image from provider: image://camera/42
file:///tmp/.mount_jRIC5d/usr/bin/plugins/plugins/OctoPrintPlugin/MonitorItem.qml:5:5: QML Image: Failed to get image from provider: image://camera/44
file:///tmp/.mount_jRIC5d/usr/bin/plugins/plugins/OctoPrintPlugin/MonitorItem.qml:5:5: QML Image: Failed to get image from provider: image://camera/2
QObject::startTimer: Timers cannot be started from another thread
QObject::killTimer: Timers cannot be stopped from another thread
QObject::startTimer: Timers cannot be started from another thread
QObject::killTimer: Timers cannot be stopped from another thread
QObject::startTimer: Timers cannot be started from another thread
QObject::killTimer: Timers cannot be stopped from another thread
QObject::startTimer: Timers cannot be started from another thread
QObject::killTimer: Timers cannot be stopped from another thread
QObject::startTimer: Timers cannot be started from another thread
QObject::killTimer: Timers cannot be stopped from another thread
QObject::startTimer: Timers cannot be started from another thread
QObject::killTimer: Timers cannot be stopped from another thread
QObject::startTimer: Timers cannot be started from another thread
QObject::killTimer: Timers cannot be stopped from another thread
QObject::startTimer: Timers cannot be started from another thread
QObject::killTimer: Timers cannot be stopped from another thread
QObject::startTimer: Timers cannot be started from another thread
QObject::killTimer: Timers cannot be stopped from another thread
QObject::startTimer: Timers cannot be started from another thread
QObject::killTimer: Timers cannot be stopped from another thread
QObject::startTimer: Timers cannot be started from another thread
QObject::killTimer: Timers cannot be stopped from another thread
QObject::startTimer: Timers cannot be started from another thread
QObject::killTimer: Timers cannot be stopped from another thread
QObject::startTimer: Timers cannot be started from another thread
QObject::killTimer: Timers cannot be stopped from another thread
QObject::startTimer: Timers cannot be started from another thread
QObject::killTimer: Timers cannot be stopped from another thread
QObject::startTimer: Timers cannot be started from another thread
QObject::killTimer: Timers cannot be stopped from another thread
QObject::startTimer: Timers cannot be started from another thread
QObject::killTimer: Timers cannot be stopped from another thread
QObject::startTimer: Timers cannot be started from another thread
QObject::killTimer: Timers cannot be stopped from another thread
QObject::startTimer: Timers cannot be started from another thread
QObject::killTimer: Timers cannot be stopped from another thread
QObject::startTimer: Timers cannot be started from another thread
QObject::killTimer: Timers cannot be stopped from another thread
QObject::startTimer: Timers cannot be started from another thread
QObject::killTimer: Timers cannot be stopped from another thread
QObject::startTimer: Timers cannot be started from another thread
QObject::killTimer: Timers cannot be stopped from another thread
QObject::startTimer: Timers cannot be started from another thread
QObject::killTimer: Timers cannot be stopped from another thread
QObject::startTimer: Timers cannot be started from another thread
QObject::killTimer: Timers cannot be stopped from another thread
QObject::startTimer: Timers cannot be started from another thread
QObject::killTimer: Timers cannot be stopped from another thread
QObject::startTimer: Timers cannot be started from another thread
QObject::killTimer: Timers cannot be stopped from another thread
QObject::startTimer: Timers cannot be started from another thread
QObject::killTimer: Timers cannot be stopped from another thread
QObject::startTimer: Timers cannot be started from another thread
QObject::killTimer: Timers cannot be stopped from another thread
QObject::startTimer: Timers cannot be started from another thread
QObject::killTimer: Timers cannot be stopped from another thread
QObject::startTimer: Timers cannot be started from another thread
QObject::killTimer: Timers cannot be stopped from another thread
QObject::startTimer: Timers cannot be started from another thread
QObject::killTimer: Timers cannot be stopped from another thread
QObject::startTimer: Timers cannot be started from another thread
QObject::killTimer: Timers cannot be stopped from another thread
QObject::startTimer: Timers cannot be started from another thread
QObject::killTimer: Timers cannot be stopped from another thread
QObject::startTimer: Timers cannot be started from another thread
QObject::killTimer: Timers cannot be stopped from another thread
QObject::startTimer: Timers cannot be started from another thread
QObject::killTimer: Timers cannot be stopped from another thread
QObject::startTimer: Timers cannot be started from another thread
QObject::killTimer: Timers cannot be stopped from another thread
QObject::startTimer: Timers cannot be started from another thread
QObject::killTimer: Timers cannot be stopped from another thread
QObject::startTimer: Timers cannot be started from another thread
QObject::killTimer: Timers cannot be stopped from another thread
QObject::startTimer: Timers cannot be started from another thread
QObject::killTimer: Timers cannot be stopped from another thread
QObject::startTimer: Timers cannot be started from another thread
QObject::killTimer: Timers cannot be stopped from another thread
QObject::startTimer: Timers cannot be started from another thread
QObject::killTimer: Timers cannot be stopped from another thread
QObject::startTimer: Timers cannot be started from another thread
QObject::killTimer: Timers cannot be stopped from another thread
QObject::startTimer: Timers cannot be started from another thread
QObject::killTimer: Timers cannot be stopped from another thread
QObject::startTimer: Timers cannot be started from another thread
QObject::killTimer: Timers cannot be stopped from another thread
QObject::startTimer: Timers cannot be started from another thread
QObject::killTimer: Timers cannot be stopped from another thread
QObject::startTimer: Timers cannot be started from another thread
QObject::killTimer: Timers cannot be stopped from another thread
QObject::startTimer: Timers cannot be started from another thread
QObject::killTimer: Timers cannot be stopped from another thread
QObject::startTimer: Timers cannot be started from another thread
QObject::killTimer: Timers cannot be stopped from another thread
QObject::startTimer: Timers cannot be started from another thread
QObject::killTimer: Timers cannot be stopped from another thread
QObject::startTimer: Timers cannot be started from another thread
QObject::killTimer: Timers cannot be stopped from another thread
QObject::startTimer: Timers cannot be started from another thread
QObject::killTimer: Timers cannot be stopped from another thread
QObject::startTimer: Timers cannot be started from another thread
QObject::killTimer: Timers cannot be stopped from another thread
QObject::startTimer: Timers cannot be started from another thread
QObject::killTimer: Timers cannot be stopped from another thread
QObject::startTimer: Timers cannot be started from another thread
QObject::killTimer: Timers cannot be stopped from another thread
QObject::startTimer: Timers cannot be started from another thread
QObject::killTimer: Timers cannot be stopped from another thread
QObject::startTimer: Timers cannot be started from another thread
QObject::killTimer: Timers cannot be stopped from another thread
QObject::startTimer: Timers cannot be started from another thread
QObject::killTimer: Timers cannot be stopped from another thread
QObject::startTimer: Timers cannot be started from another thread
QObject::killTimer: Timers cannot be stopped from another thread
QObject::startTimer: Timers cannot be started from another thread
QObject::killTimer: Timers cannot be stopped from another thread
QObject::startTimer: Timers cannot be started from another thread
QObject::killTimer: Timers cannot be stopped from another thread
QObject::startTimer: Timers cannot be started from another thread
QObject::killTimer: Timers cannot be stopped from another thread
QObject::startTimer: Timers cannot be started from another thread
QObject::killTimer: Timers cannot be stopped from another thread
QObject::startTimer: Timers cannot be started from another thread
QObject::killTimer: Timers cannot be stopped from another thread
QObject::startTimer: Timers cannot be started from another thread
QObject::killTimer: Timers cannot be stopped from another thread
QObject::startTimer: Timers cannot be started from another thread
QObject::killTimer: Timers cannot be stopped from another thread
QObject::startTimer: Timers cannot be started from another thread
QObject::killTimer: Timers cannot be stopped from another thread
QObject::startTimer: Timers cannot be started from another thread
QObject::killTimer: Timers cannot be stopped from another thread
QObject::startTimer: Timers cannot be started from another thread
QObject::killTimer: Timers cannot be stopped from another thread
QObject::startTimer: Timers cannot be started from another thread
QObject::killTimer: Timers cannot be stopped from another thread
QObject::startTimer: Timers cannot be started from another thread
QObject::killTimer: Timers cannot be stopped from another thread
QObject::startTimer: Timers cannot be started from another thread
QObject::killTimer: Timers cannot be stopped from another thread
QObject::startTimer: Timers cannot be started from another thread
QObject::killTimer: Timers cannot be stopped from another thread
QObject::startTimer: Timers cannot be started from another thread
QObject::killTimer: Timers cannot be stopped from another thread
QObject::startTimer: Timers cannot be started from another thread
QObject::killTimer: Timers cannot be stopped from another thread
QObject::startTimer: Timers cannot be started from another thread
QObject::killTimer: Timers cannot be stopped from another thread
QObject::startTimer: Timers cannot be started from another thread
QObject::killTimer: Timers cannot be stopped from another thread
QObject::startTimer: Timers cannot be started from another thread
QObject::killTimer: Timers cannot be stopped from another thread
QObject::startTimer: Timers cannot be started from another thread
QObject::killTimer: Timers cannot be stopped from another thread
QObject::startTimer: Timers cannot be started from another thread
QObject::killTimer: Timers cannot be stopped from another thread
QObject::startTimer: Timers cannot be started from another thread
QObject::killTimer: Timers cannot be stopped from another thread
QObject::startTimer: Timers cannot be started from another thread
QObject::killTimer: Timers cannot be stopped from another thread
QObject::startTimer: Timers cannot be started from another thread
QObject::killTimer: Timers cannot be stopped from another thread
QObject::startTimer: Timers cannot be started from another thread
QObject::killTimer: Timers cannot be stopped from another thread
QObject::startTimer: Timers cannot be started from another thread
QObject::killTimer: Timers cannot be stopped from another thread
QObject::startTimer: Timers cannot be started from another thread
QObject::killTimer: Timers cannot be stopped from another thread
QObject::startTimer: Timers cannot be started from another thread
QObject::killTimer: Timers cannot be stopped from another thread
QObject::startTimer: Timers cannot be started from another thread
QObject::killTimer: Timers cannot be stopped from another thread
QObject::startTimer: Timers cannot be started from another thread
QObject::killTimer: Timers cannot be stopped from another thread
QObject::startTimer: Timers cannot be started from another thread
QObject::killTimer: Timers cannot be stopped from another thread
QObject::startTimer: Timers cannot be started from another thread
QObject::killTimer: Timers cannot be stopped from another thread
QObject::startTimer: Timers cannot be started from another thread
QObject::killTimer: Timers cannot be stopped from another thread
QObject::startTimer: Timers cannot be started from another thread
QObject::killTimer: Timers cannot be stopped from another thread
QObject::startTimer: Timers cannot be started from another thread
QObject::killTimer: Timers cannot be stopped from another thread
QObject::startTimer: Timers cannot be started from another thread
QObject::killTimer: Timers cannot be stopped from another thread
QObject::startTimer: Timers cannot be started from another thread
QObject::killTimer: Timers cannot be stopped from another thread
QObject::startTimer: Timers cannot be started from another thread
QObject::killTimer: Timers cannot be stopped from another thread
QObject::startTimer: Timers cannot be started from another thread
QObject::killTimer: Timers cannot be stopped from another thread
QObject::startTimer: Timers cannot be started from another thread
QObject::killTimer: Timers cannot be stopped from another thread
QObject::startTimer: Timers cannot be started from another thread
QObject::killTimer: Timers cannot be stopped from another thread
QObject::startTimer: Timers cannot be started from another thread
QObject::killTimer: Timers cannot be stopped from another thread
QObject::startTimer: Timers cannot be started from another thread
QObject::killTimer: Timers cannot be stopped from another thread
file:///tmp/.mount_jRIC5d/usr/bin/qt/qml/QtQuick/Controls/TextField.qml:638:5: QML TextInputWithHandles: Binding loop detected for property "text"
file:///tmp/.mount_jRIC5d/usr/bin/qt/qml/QtQuick/Controls/TextField.qml:638:5: QML TextInputWithHandles: Binding loop detected for property "text"
QObject::startTimer: Timers cannot be started from another thread
QObject::killTimer: Timers cannot be stopped from another thread
QObject::startTimer: Timers cannot be started from another thread
QObject::killTimer: Timers cannot be stopped from another thread
QObject::startTimer: Timers cannot be started from another thread
QObject::killTimer: Timers cannot be stopped from another thread
QObject::startTimer: Timers cannot be started from another thread
QObject::killTimer: Timers cannot be stopped from another thread
QObject::startTimer: Timers cannot be started from another thread
QObject::killTimer: Timers cannot be stopped from another thread
QObject::startTimer: Timers cannot be started from another thread
QObject::killTimer: Timers cannot be stopped from another thread
QObject::startTimer: Timers cannot be started from another thread
QObject::killTimer: Timers cannot be stopped from another thread
QObject::startTimer: Timers cannot be started from another thread
QObject::killTimer: Timers cannot be stopped from another thread
QObject::startTimer: Timers cannot be started from another thread
QObject::killTimer: Timers cannot be stopped from another thread
QObject::startTimer: Timers cannot be started from another thread
QObject::killTimer: Timers cannot be stopped from another thread
QObject::startTimer: Timers cannot be started from another thread
QObject::killTimer: Timers cannot be stopped from another thread
QObject::startTimer: Timers cannot be started from another thread
QObject::killTimer: Timers cannot be stopped from another thread
QObject::startTimer: Timers cannot be started from another thread
QObject::killTimer: Timers cannot be stopped from another thread
QObject::startTimer: Timers cannot be started from another thread
QObject::killTimer: Timers cannot be stopped from another thread
QObject::startTimer: Timers cannot be started from another thread
QObject::killTimer: Timers cannot be stopped from another thread
QObject::startTimer: Timers cannot be started from another thread
QObject::killTimer: Timers cannot be stopped from another thread
QObject::startTimer: Timers cannot be started from another thread
QObject::killTimer: Timers cannot be stopped from another thread
QObject::startTimer: Timers cannot be started from another thread
QObject::killTimer: Timers cannot be stopped from another thread
QObject::startTimer: Timers cannot be started from another thread
QObject::killTimer: Timers cannot be stopped from another thread
QObject::startTimer: Timers cannot be started from another thread
QObject::killTimer: Timers cannot be stopped from another thread
QObject::startTimer: Timers cannot be started from another thread
QObject::killTimer: Timers cannot be stopped from another thread
QObject::startTimer: Timers cannot be started from another thread
QObject::killTimer: Timers cannot be stopped from another thread
QObject::startTimer: Timers cannot be started from another thread
QObject::killTimer: Timers cannot be stopped from another thread
QObject::startTimer: Timers cannot be started from another thread
QObject::killTimer: Timers cannot be stopped from another thread
QObject::startTimer: Timers cannot be started from another thread
QObject::killTimer: Timers cannot be stopped from another thread
QObject::startTimer: Timers cannot be started from another thread
QObject::killTimer: Timers cannot be stopped from another thread
QObject::startTimer: Timers cannot be started from another thread
QObject::killTimer: Timers cannot be stopped from another thread
QObject::startTimer: Timers cannot be started from another thread
QObject::killTimer: Timers cannot be stopped from another thread
QObject::startTimer: Timers cannot be started from another thread
QObject::killTimer: Timers cannot be stopped from another thread
QObject::startTimer: Timers cannot be started from another thread
QObject::killTimer: Timers cannot be stopped from another thread
QObject::startTimer: Timers cannot be started from another thread
QObject::killTimer: Timers cannot be stopped from another thread
QObject::startTimer: Timers cannot be started from another thread
QObject::killTimer: Timers cannot be stopped from another thread
QObject::startTimer: Timers cannot be started from another thread
QObject::killTimer: Timers cannot be stopped from another thread
QObject::startTimer: Timers cannot be started from another thread
QObject::killTimer: Timers cannot be stopped from another thread
QObject::startTimer: Timers cannot be started from another thread
QObject::killTimer: Timers cannot be stopped from another thread
QObject::startTimer: Timers cannot be started from another thread
QObject::killTimer: Timers cannot be stopped from another thread
QObject::startTimer: Timers cannot be started from another thread
QObject::killTimer: Timers cannot be stopped from another thread
QObject::startTimer: Timers cannot be started from another thread
QObject::killTimer: Timers cannot be stopped from another thread
QObject::startTimer: Timers cannot be started from another thread
QObject::killTimer: Timers cannot be stopped from another thread
QObject::startTimer: Timers cannot be started from another thread
QObject::killTimer: Timers cannot be stopped from another thread
QObject::startTimer: Timers cannot be started from another thread
QObject::killTimer: Timers cannot be stopped from another thread
QObject::startTimer: Timers cannot be started from another thread
QObject::killTimer: Timers cannot be stopped from another thread
QObject::startTimer: Timers cannot be started from another thread
QObject::killTimer: Timers cannot be stopped from another thread
QObject::startTimer: Timers cannot be started from another thread
QObject::killTimer: Timers cannot be stopped from another thread
QObject::startTimer: Timers cannot be started from another thread
QObject::killTimer: Timers cannot be stopped from another thread
QObject::startTimer: Timers cannot be started from another thread
QObject::killTimer: Timers cannot be stopped from another thread
QObject::startTimer: Timers cannot be started from another thread
QObject::killTimer: Timers cannot be stopped from another thread
QObject::startTimer: Timers cannot be started from another thread
QObject::killTimer: Timers cannot be stopped from another thread
QObject::startTimer: Timers cannot be started from another thread
QObject::killTimer: Timers cannot be stopped from another thread
QObject::startTimer: Timers cannot be started from another thread
QObject::killTimer: Timers cannot be stopped from another thread
QObject::startTimer: Timers cannot be started from another thread
QObject::killTimer: Timers cannot be stopped from another thread
QObject::startTimer: Timers cannot be started from another thread
QObject::killTimer: Timers cannot be stopped from another thread
QObject::startTimer: Timers cannot be started from another thread
QObject::killTimer: Timers cannot be stopped from another thread
QObject::startTimer: Timers cannot be started from another thread
QObject::killTimer: Timers cannot be stopped from another thread
QObject::startTimer: Timers cannot be started from another thread
QObject::killTimer: Timers cannot be stopped from another thread
QObject::startTimer: Timers cannot be started from another thread
QObject::killTimer: Timers cannot be stopped from another thread
QObject::startTimer: Timers cannot be started from another thread
QObject::killTimer: Timers cannot be stopped from another thread
QObject::startTimer: Timers cannot be started from another thread
QObject::killTimer: Timers cannot be stopped from another thread
QObject::startTimer: Timers cannot be started from another thread
QObject::killTimer: Timers cannot be stopped from another thread
QObject::startTimer: Timers cannot be started from another thread
QObject::killTimer: Timers cannot be stopped from another thread
QObject::startTimer: Timers cannot be started from another thread
QObject::killTimer: Timers cannot be stopped from another thread
QObject::startTimer: Timers cannot be started from another thread
QObject::killTimer: Timers cannot be stopped from another thread
QObject::startTimer: Timers cannot be started from another thread
QObject::killTimer: Timers cannot be stopped from another thread
QObject::startTimer: Timers cannot be started from another thread
QObject::killTimer: Timers cannot be stopped from another thread
QObject::startTimer: Timers cannot be started from another thread
QObject::killTimer: Timers cannot be stopped from another thread
QObject::startTimer: Timers cannot be started from another thread
QObject::killTimer: Timers cannot be stopped from another thread
QObject::startTimer: Timers cannot be started from another thread
QObject::killTimer: Timers cannot be stopped from another thread
QObject::startTimer: Timers cannot be started from another thread
QObject::killTimer: Timers cannot be stopped from another thread
QObject::startTimer: Timers cannot be started from another thread
QObject::killTimer: Timers cannot be stopped from another thread
QObject::startTimer: Timers cannot be started from another thread
QObject::killTimer: Timers cannot be stopped from another thread
QObject::startTimer: Timers cannot be started from another thread
QObject::killTimer: Timers cannot be stopped from another thread
QObject::startTimer: Timers cannot be started from another thread
QObject::killTimer: Timers cannot be stopped from another thread
QObject::startTimer: Timers cannot be started from another thread
QObject::killTimer: Timers cannot be stopped from another thread
QObject::startTimer: Timers cannot be started from another thread
QObject::killTimer: Timers cannot be stopped from another thread
QObject::startTimer: Timers cannot be started from another thread
QObject::killTimer: Timers cannot be stopped from another thread
QObject::startTimer: Timers cannot be started from another thread
QObject::killTimer: Timers cannot be stopped from another thread
QObject::startTimer: Timers cannot be started from another thread
QObject::killTimer: Timers cannot be stopped from another thread
QObject::startTimer: Timers cannot be started from another thread
QObject::killTimer: Timers cannot be stopped from another thread
QObject::startTimer: Timers cannot be started from another thread
QObject::killTimer: Timers cannot be stopped from another thread
QObject::startTimer: Timers cannot be started from another thread
QObject::killTimer: Timers cannot be stopped from another thread
QObject::startTimer: Timers cannot be started from another thread
QObject::killTimer: Timers cannot be stopped from another thread
QObject::startTimer: Timers cannot be started from another thread
QObject::killTimer: Timers cannot be stopped from another thread
QObject::startTimer: Timers cannot be started from another thread
QObject::killTimer: Timers cannot be stopped from another thread
QObject::startTimer: Timers cannot be started from another thread
QObject::killTimer: Timers cannot be stopped from another thread
QObject::startTimer: Timers cannot be started from another thread
QObject::killTimer: Timers cannot be stopped from another thread
QObject::startTimer: Timers cannot be started from another thread
QObject::killTimer: Timers cannot be stopped from another thread
QObject::startTimer: Timers cannot be started from another thread
QObject::killTimer: Timers cannot be stopped from another thread
QObject::startTimer: Timers cannot be started from another thread
QObject::killTimer: Timers cannot be stopped from another thread
QObject::startTimer: Timers cannot be started from another thread
QObject::killTimer: Timers cannot be stopped from another thread
QObject::startTimer: Timers cannot be started from another thread
QObject::killTimer: Timers cannot be stopped from another thread
QObject::startTimer: Timers cannot be started from another thread
QObject::killTimer: Timers cannot be stopped from another thread
QObject::startTimer: Timers cannot be started from another thread
QObject::killTimer: Timers cannot be stopped from another thread
QObject::startTimer: Timers cannot be started from another thread
QObject::killTimer: Timers cannot be stopped from another thread
QObject::startTimer: Timers cannot be started from another thread
QObject::killTimer: Timers cannot be stopped from another thread
QObject::startTimer: Timers cannot be started from another thread
QObject::killTimer: Timers cannot be stopped from another thread
QObject::startTimer: Timers cannot be started from another thread
QObject::killTimer: Timers cannot be stopped from another thread
QObject::startTimer: Timers cannot be started from another thread
QObject::killTimer: Timers cannot be stopped from another thread
QObject::startTimer: Timers cannot be started from another thread
QObject::killTimer: Timers cannot be stopped from another thread
QObject::startTimer: Timers cannot be started from another thread
QObject::killTimer: Timers cannot be stopped from another thread
file:///tmp/.mount_jRIC5d/usr/bin/qt/qml/QtQuick/Controls/TextField.qml:638:5: QML TextInputWithHandles: Binding loop detected for property "text"
file:///tmp/.mount_jRIC5d/usr/bin/plugins/plugins/OctoPrintPlugin/MonitorItem.qml:48: TypeError: Cannot read property of null
QIODevice::read (QNetworkReplyHttpImpl): device not open
file:///tmp/.mount_jRIC5d/usr/bin/plugins/plugins/OctoPrintPlugin/MonitorItem.qml:5:5: QML Image: Failed to get image from provider: image://camera/4
file:///tmp/.mount_jRIC5d/usr/bin/plugins/plugins/OctoPrintPlugin/MonitorItem.qml:5:5: QML Image: Failed to get image from provider: image://camera/6
file:///tmp/.mount_jRIC5d/usr/bin/plugins/plugins/OctoPrintPlugin/MonitorItem.qml:5:5: QML Image: Failed to get image from provider: image://camera/2
file:///tmp/.mount_jRIC5d/usr/bin/plugins/plugins/OctoPrintPlugin/MonitorItem.qml:48: TypeError: Cannot read property of null
QIODevice::read (QNetworkReplyHttpImpl): device not open
file:///tmp/.mount_jRIC5d/usr/bin/plugins/plugins/OctoPrintPlugin/MonitorItem.qml:5:5: QML Image: Failed to get image from provider: image://camera/4
file:///tmp/.mount_jRIC5d/usr/bin/plugins/plugins/OctoPrintPlugin/MonitorItem.qml:5:5: QML Image: Failed to get image from provider: image://camera/6
file:///tmp/.mount_jRIC5d/usr/bin/plugins/plugins/OctoPrintPlugin/MonitorItem.qml:5:5: QML Image: Failed to get image from provider: image://camera/2
file:///tmp/.mount_jRIC5d/usr/bin/plugins/plugins/OctoPrintPlugin/MonitorItem.qml:48: TypeError: Cannot read property of null
QIODevice::read (QNetworkReplyHttpImpl): device not open
file:///tmp/.mount_jRIC5d/usr/bin/plugins/plugins/OctoPrintPlugin/MonitorItem.qml:5:5: QML Image: Failed to get image from provider: image://camera/4
file:///tmp/.mount_jRIC5d/usr/bin/plugins/plugins/OctoPrintPlugin/MonitorItem.qml:5:5: QML Image: Failed to get image from provider: image://camera/6
file:///tmp/.mount_jRIC5d/usr/bin/plugins/plugins/OctoPrintPlugin/MonitorItem.qml:5:5: QML Image: Failed to get image from provider: image://camera/2
file:///tmp/.mount_jRIC5d/usr/bin/plugins/plugins/OctoPrintPlugin/MonitorItem.qml:48: TypeError: Cannot read property of null
QIODevice::read (QNetworkReplyHttpImpl): device not open
file:///tmp/.mount_jRIC5d/usr/bin/plugins/plugins/OctoPrintPlugin/MonitorItem.qml:5:5: QML Image: Failed to get image from provider: image://camera/4
file:///tmp/.mount_jRIC5d/usr/bin/plugins/plugins/OctoPrintPlugin/MonitorItem.qml:5:5: QML Image: Failed to get image from provider: image://camera/6
file:///tmp/.mount_jRIC5d/usr/bin/plugins/plugins/OctoPrintPlugin/MonitorItem.qml:5:5: QML Image: Failed to get image from provider: image://camera/2
file:///tmp/.mount_jRIC5d/usr/bin/plugins/plugins/OctoPrintPlugin/MonitorItem.qml:48: TypeError: Cannot read property of null
QIODevice::read (QNetworkReplyHttpImpl): device not open
file:///tmp/.mount_jRIC5d/usr/bin/plugins/plugins/OctoPrintPlugin/MonitorItem.qml:5:5: QML Image: Failed to get image from provider: image://camera/4
file:///tmp/.mount_jRIC5d/usr/bin/plugins/plugins/OctoPrintPlugin/MonitorItem.qml:5:5: QML Image: Failed to get image from provider: image://camera/6
file:///tmp/.mount_jRIC5d/usr/bin/plugins/plugins/OctoPrintPlugin/MonitorItem.qml:5:5: QML Image: Failed to get image from provider: image://camera/2
file:///tmp/.mount_jRIC5d/usr/bin/plugins/plugins/OctoPrintPlugin/MonitorItem.qml:48: TypeError: Cannot read property of null
QIODevice::read (QNetworkReplyHttpImpl): device not open
file:///tmp/.mount_jRIC5d/usr/bin/plugins/plugins/OctoPrintPlugin/MonitorItem.qml:5:5: QML Image: Failed to get image from provider: image://camera/4
file:///tmp/.mount_jRIC5d/usr/bin/plugins/plugins/OctoPrintPlugin/MonitorItem.qml:5:5: QML Image: Failed to get image from provider: image://camera/6
file:///tmp/.mount_jRIC5d/usr/bin/plugins/plugins/OctoPrintPlugin/MonitorItem.qml:5:5: QML Image: Failed to get image from provider: image://camera/2
